<?xml version="1.0" encoding="UTF-8"?>
<!-- Generated by org.testng.reporters.JUnitReportReporter -->
<testsuite skipped="0" hostname="akashs-MacBook-Air.local" name="runner.RunCukesTest" tests="2" failures="0" timestamp="15 Oct 2017 03:43:12 GMT" time="14.919" errors="0">
  <testcase name="feature" time="9.205" classname="runner.RunCukesTest"/>
  <testcase name="feature" time="5.714" classname="runner.RunCukesTest"/>
</testsuite> <!-- runner.RunCukesTest -->
